<?xml version="1.0" encoding="UTF-8"?>
<!-- Generated by org.testng.reporters.JUnitReportReporter -->
<testsuite hostname="LAPTOP-7QV0RTCI" failures="0" tests="1" name="mavenfire.Login" time="10.154" errors="0" timestamp="2025-07-19T13:20:00 IST" skipped="0">
  <testcase classname="mavenfire.Login" name="login" time="10.154"/>
</testsuite> <!-- mavenfire.Login -->
